george-pc@george-pc:~/os_laba_2/1$ echo $$
47867
george-pc@george-pc:~/os_laba_2/1$ cat /proc/47867/status | grep PPid
PPid:	14246
george-pc@george-pc:~/os_laba_2/1$ cat /proc/47867/status
Name:	bash
Umask:	0002
State:	S (sleeping)
Tgid:	47867
Ngid:	0
Pid:	47867
PPid:	14246
TracerPid:	0
Uid:	1000	1000	1000	1000
Gid:	1000	1000	1000	1000
FDSize:	256
Groups:	4 24 27 30 46 100 114 1000 
NStgid:	47867
NSpid:	47867
NSpgid:	47867
NSsid:	47867
Kthread:	0
VmPeak:	   11156 kB
VmSize:	   11156 kB
VmLck:	       0 kB
VmPin:	       0 kB
VmHWM:	    4992 kB
VmRSS:	    4992 kB
RssAnon:	    1280 kB
RssFile:	    3712 kB
RssShmem:	       0 kB
VmData:	    1520 kB
VmStk:	     132 kB
VmExe:	     956 kB
VmLib:	    1824 kB
VmPTE:	      68 kB
VmSwap:	       0 kB
HugetlbPages:	       0 kB
CoreDumping:	0
THP_enabled:	1
untag_mask:	0xffffffffffffffff
Threads:	1
SigQ:	0/62692
SigPnd:	0000000000000000
ShdPnd:	0000000000000000
SigBlk:	0000000000010000
SigIgn:	0000000000384004
SigCgt:	000000004b813efb
CapInh:	0000000000000000
CapPrm:	0000000000000000
CapEff:	0000000000000000
CapBnd:	000001ffffffffff
CapAmb:	0000000000000000
NoNewPrivs:	0
Seccomp:	0
Seccomp_filters:	0
Speculation_Store_Bypass:	thread vulnerable
SpeculationIndirectBranch:	conditional enabled
Cpus_allowed:	ff
Cpus_allowed_list:	0-7
Mems_allowed:	00000000,00000000,00000000,00000000,00000000,00000000,00000000,00000000,00000000,00000000,00000000,00000000,00000000,00000000,00000000,00000000,00000000,00000000,00000000,00000000,00000000,00000000,00000000,00000000,00000000,00000000,00000000,00000000,00000000,00000000,00000000,00000001
Mems_allowed_list:	0
voluntary_ctxt_switches:	564
nonvoluntary_ctxt_switches:	1
x86_Thread_features:	
x86_Thread_features_locked:	
george-pc@george-pc:~/os_laba_2/1$ cat /proc/14246/status | grep PPid
PPid:	1866
george-pc@george-pc:~/os_laba_2/1$ cat /proc/1866/status | grep PPid
PPid:	1
george-pc@george-pc:~/os_laba_2/1$ cat /proc/1866/status
Name:	systemd
Umask:	0002
State:	S (sleeping)
Tgid:	1866
Ngid:	0
Pid:	1866
PPid:	1
TracerPid:	0
Uid:	1000	1000	1000	1000
Gid:	1000	1000	1000	1000
FDSize:	512
Groups:	4 24 27 30 46 100 114 1000 
NStgid:	1866
NSpid:	1866
NSpgid:	1866
NSsid:	1866
Kthread:	0
VmPeak:	   21672 kB
VmSize:	   21344 kB
VmLck:	       0 kB
VmPin:	       0 kB
VmHWM:	   13592 kB
VmRSS:	   12984 kB
RssAnon:	    3244 kB
RssFile:	    9740 kB
RssShmem:	       0 kB
VmData:	    2320 kB
VmStk:	     132 kB
VmExe:	      44 kB
VmLib:	   12188 kB
VmPTE:	      84 kB
VmSwap:	       0 kB
HugetlbPages:	       0 kB
CoreDumping:	0
THP_enabled:	1
untag_mask:	0xffffffffffffffff
Threads:	1
SigQ:	0/62692
SigPnd:	0000000000000000
ShdPnd:	0000000000000000
SigBlk:	7fefc1fe28014a03
SigIgn:	0000000000001000
SigCgt:	0000000000000000
CapInh:	0000000800000000
CapPrm:	0000000800000000
CapEff:	0000000800000000
CapBnd:	000001ffffffffff
CapAmb:	0000000000000000
NoNewPrivs:	0
Seccomp:	0
Seccomp_filters:	0
Speculation_Store_Bypass:	thread vulnerable
SpeculationIndirectBranch:	conditional enabled
Cpus_allowed:	ff
Cpus_allowed_list:	0-7
Mems_allowed:	00000000,00000000,00000000,00000000,00000000,00000000,00000000,00000000,00000000,00000000,00000000,00000000,00000000,00000000,00000000,00000000,00000000,00000000,00000000,00000000,00000000,00000000,00000000,00000000,00000000,00000000,00000000,00000000,00000000,00000000,00000000,00000001
Mems_allowed_list:	0
voluntary_ctxt_switches:	4004
nonvoluntary_ctxt_switches:	550
x86_Thread_features:	
x86_Thread_features_locked:	


